  stdafx.cpp
  Filtering.cpp
  FilteringDoc.cpp
  FilteringView.cpp
C:\Users\so042\Desktop\2020 고급소프트웨어실습\[고소실_2주차실습]2반_20171617_김소연\Filtering\FilteringView.cpp(210,75): warning C4244: '=': 'double'에서 'unsigned char'(으)로 변환하면서 데이터가 손실될 수 있습니다.
C:\Users\so042\Desktop\2020 고급소프트웨어실습\[고소실_2주차실습]2반_20171617_김소연\Filtering\FilteringView.cpp(215,8): warning C4244: '초기화 중': 'double'에서 'int'(으)로 변환하면서 데이터가 손실될 수 있습니다.
C:\Users\so042\Desktop\2020 고급소프트웨어실습\[고소실_2주차실습]2반_20171617_김소연\Filtering\FilteringView.cpp(262,51): warning C4244: '=': 'LONGLONG'에서 'double'(으)로 변환하면서 데이터가 손실될 수 있습니다.
C:\Users\so042\Desktop\2020 고급소프트웨어실습\[고소실_2주차실습]2반_20171617_김소연\Filtering\FilteringView.cpp(216,6): warning C4101: 'k' :참조되지 않은 지역 변수입니다.
C:\Users\so042\Desktop\2020 고급소프트웨어실습\[고소실_2주차실습]2반_20171617_김소연\Filtering\FilteringView.cpp(216,9): warning C4101: 'l' :참조되지 않은 지역 변수입니다.
C:\Users\so042\Desktop\2020 고급소프트웨어실습\[고소실_2주차실습]2반_20171617_김소연\Filtering\FilteringView.cpp(217,15): warning C4101: 'gradient' :참조되지 않은 지역 변수입니다.
C:\Users\so042\Desktop\2020 고급소프트웨어실습\[고소실_2주차실습]2반_20171617_김소연\Filtering\FilteringView.cpp(196,16): warning C4101: 'gray' :참조되지 않은 지역 변수입니다.
C:\Users\so042\Desktop\2020 고급소프트웨어실습\[고소실_2주차실습]2반_20171617_김소연\Filtering\FilteringView.cpp(323,8): warning C4244: '초기화 중': 'double'에서 'int'(으)로 변환하면서 데이터가 손실될 수 있습니다.
C:\Users\so042\Desktop\2020 고급소프트웨어실습\[고소실_2주차실습]2반_20171617_김소연\Filtering\FilteringView.cpp(356,41): warning C4244: '=': 'double'에서 'unsigned char'(으)로 변환하면서 데이터가 손실될 수 있습니다.
C:\Users\so042\Desktop\2020 고급소프트웨어실습\[고소실_2주차실습]2반_20171617_김소연\Filtering\FilteringView.cpp(360,51): warning C4244: '=': 'LONGLONG'에서 'double'(으)로 변환하면서 데이터가 손실될 수 있습니다.
C:\Users\so042\Desktop\2020 고급소프트웨어실습\[고소실_2주차실습]2반_20171617_김소연\Filtering\FilteringView.cpp(324,6): warning C4101: 'k' :참조되지 않은 지역 변수입니다.
C:\Users\so042\Desktop\2020 고급소프트웨어실습\[고소실_2주차실습]2반_20171617_김소연\Filtering\FilteringView.cpp(324,9): warning C4101: 'l' :참조되지 않은 지역 변수입니다.
C:\Users\so042\Desktop\2020 고급소프트웨어실습\[고소실_2주차실습]2반_20171617_김소연\Filtering\FilteringView.cpp(308,16): warning C4101: 'gray' :참조되지 않은 지역 변수입니다.
C:\Users\so042\Desktop\2020 고급소프트웨어실습\[고소실_2주차실습]2반_20171617_김소연\Filtering\FilteringView.cpp(418,8): warning C4244: '초기화 중': 'double'에서 'int'(으)로 변환하면서 데이터가 손실될 수 있습니다.
C:\Users\so042\Desktop\2020 고급소프트웨어실습\[고소실_2주차실습]2반_20171617_김소연\Filtering\FilteringView.cpp(449,44): warning C4244: '=': 'double'에서 'unsigned char'(으)로 변환하면서 데이터가 손실될 수 있습니다.
C:\Users\so042\Desktop\2020 고급소프트웨어실습\[고소실_2주차실습]2반_20171617_김소연\Filtering\FilteringView.cpp(466,44): warning C4244: '=': 'double'에서 'unsigned char'(으)로 변환하면서 데이터가 손실될 수 있습니다.
C:\Users\so042\Desktop\2020 고급소프트웨어실습\[고소실_2주차실습]2반_20171617_김소연\Filtering\FilteringView.cpp(477,51): warning C4244: '=': 'LONGLONG'에서 'double'(으)로 변환하면서 데이터가 손실될 수 있습니다.
C:\Users\so042\Desktop\2020 고급소프트웨어실습\[고소실_2주차실습]2반_20171617_김소연\Filtering\FilteringView.cpp(419,6): warning C4101: 'k' :참조되지 않은 지역 변수입니다.
C:\Users\so042\Desktop\2020 고급소프트웨어실습\[고소실_2주차실습]2반_20171617_김소연\Filtering\FilteringView.cpp(419,9): warning C4101: 'l' :참조되지 않은 지역 변수입니다.
C:\Users\so042\Desktop\2020 고급소프트웨어실습\[고소실_2주차실습]2반_20171617_김소연\Filtering\FilteringView.cpp(403,16): warning C4101: 'gray' :참조되지 않은 지역 변수입니다.
C:\Users\so042\Desktop\2020 고급소프트웨어실습\[고소실_2주차실습]2반_20171617_김소연\Filtering\FilteringView.cpp(538,8): warning C4244: '초기화 중': 'double'에서 'int'(으)로 변환하면서 데이터가 손실될 수 있습니다.
C:\Users\so042\Desktop\2020 고급소프트웨어실습\[고소실_2주차실습]2반_20171617_김소연\Filtering\FilteringView.cpp(578,51): warning C4244: '=': 'LONGLONG'에서 'double'(으)로 변환하면서 데이터가 손실될 수 있습니다.
C:\Users\so042\Desktop\2020 고급소프트웨어실습\[고소실_2주차실습]2반_20171617_김소연\Filtering\FilteringView.cpp(539,6): warning C4101: 'k' :참조되지 않은 지역 변수입니다.
C:\Users\so042\Desktop\2020 고급소프트웨어실습\[고소실_2주차실습]2반_20171617_김소연\Filtering\FilteringView.cpp(539,9): warning C4101: 'l' :참조되지 않은 지역 변수입니다.
C:\Users\so042\Desktop\2020 고급소프트웨어실습\[고소실_2주차실습]2반_20171617_김소연\Filtering\FilteringView.cpp(537,15): warning C4101: 'i' :참조되지 않은 지역 변수입니다.
C:\Users\so042\Desktop\2020 고급소프트웨어실습\[고소실_2주차실습]2반_20171617_김소연\Filtering\FilteringView.cpp(546,15): warning C4101: 'mean' :참조되지 않은 지역 변수입니다.
C:\Users\so042\Desktop\2020 고급소프트웨어실습\[고소실_2주차실습]2반_20171617_김소연\Filtering\FilteringView.cpp(520,16): warning C4101: 'gray' :참조되지 않은 지역 변수입니다.
  MainFrm.cpp
  코드를 생성하고 있습니다...
  Filtering.vcxproj -> C:\Users\so042\Desktop\2020 고급소프트웨어실습\[고소실_2주차실습]2반_20171617_김소연\Debug\Filtering.exe
